----> Building on the Heroku-22 stack
-----> Determining which buildpack to use for this app
-----> Node.js app detected
       
-----> Creating runtime environment
       
       NPM_CONFIG_LOGLEVEL=error
       NODE_VERBOSE=false
       NODE_ENV=production
       NODE_MODULES_CACHE=true
       
-----> Installing binaries
       engines.node (package.json):   unspecified
       engines.npm (package.json):    unspecified (use default)
       
       Resolving node version 20.x...
       Downloading and installing node 20.12.2...
       Using default npm version: 10.5.0
       
-----> Installing dependencies
       Installing node modules
       npm notice 
       npm notice New minor version of npm available! 10.5.0 -> 10.6.0
       npm notice Changelog: <https://github.com/npm/cli/releases/tag/v10.6.0>
       npm notice Run `npm install -g npm@10.6.0` to update!
       npm notice 
       npm ERR! code EUSAGE
       npm ERR! 
       npm ERR! `npm ci` can only install packages when your package.json and package-lock.json or npm-shrinkwrap.json are in sync. Please update your lock file with `npm install` before continuing.
       npm ERR! 
       npm ERR! Missing: bcrypt@5.1.1 from lock file
       npm ERR! Missing: cors@2.8.5 from lock file
       npm ERR! Missing: express-validator@7.0.1 from lock file
       npm ERR! Missing: jsonwebtoken@9.0.2 from lock file
       npm ERR! Missing: mongoose@8.3.3 from lock file
       npm ERR! Missing: morgan@1.10.0 from lock file
       npm ERR! Missing: passport@0.7.0 from lock file
       npm ERR! Missing: passport-jwt@4.0.1 from lock file
       npm ERR! Missing: passport-local@1.0.0 from lock file
       npm ERR! Missing: uuid@9.0.1 from lock file
       npm ERR! Missing: @mapbox/node-pre-gyp@1.0.11 from lock file
       npm ERR! Missing: node-addon-api@5.1.0 from lock file
       npm ERR! Missing: detect-libc@2.0.3 from lock file
       npm ERR! Missing: https-proxy-agent@5.0.1 from lock file
       npm ERR! Missing: make-dir@3.1.0 from lock file
       npm ERR! Missing: node-fetch@2.7.0 from lock file
       npm ERR! Missing: nopt@5.0.0 from lock file
       npm ERR! Missing: npmlog@5.0.1 from lock file
       npm ERR! Missing: rimraf@3.0.2 from lock file
       npm ERR! Missing: semver@7.6.0 from lock file
       npm ERR! Missing: tar@6.2.1 from lock file
       npm ERR! Missing: object-assign@4.1.1 from lock file
       npm ERR! Missing: validator@13.11.0 from lock file
       npm ERR! Missing: agent-base@6.0.2 from lock file
       npm ERR! Missing: debug@4.3.4 from lock file
       npm ERR! Missing: debug@4.3.4 from lock file
       npm ERR! Missing: jws@3.2.2 from lock file
       npm ERR! Missing: lodash.includes@4.3.0 from lock file
       npm ERR! Missing: lodash.isboolean@3.0.3 from lock file
       npm ERR! Missing: lodash.isinteger@4.0.4 from lock file
       npm ERR! Missing: lodash.isnumber@3.0.3 from lock file
       npm ERR! Missing: lodash.isplainobject@4.0.6 from lock file
       npm ERR! Missing: lodash.isstring@4.0.1 from lock file
       npm ERR! Missing: lodash.once@4.1.1 from lock file
       npm ERR! Missing: ms@2.1.3 from lock file
       npm ERR! Missing: jwa@1.4.1 from lock file
       npm ERR! Missing: buffer-equal-constant-time@1.0.1 from lock file
       npm ERR! Missing: ecdsa-sig-formatter@1.0.11 from lock file
       npm ERR! Missing: semver@6.3.1 from lock file
       npm ERR! Missing: bson@6.6.0 from lock file
       npm ERR! Missing: kareem@2.6.3 from lock file
       npm ERR! Missing: mongodb@6.5.0 from lock file
       npm ERR! Missing: mpath@0.9.0 from lock file
       npm ERR! Missing: mquery@5.0.0 from lock file
       npm ERR! Missing: ms@2.1.3 from lock file
       npm ERR! Missing: sift@16.0.1 from lock file
       npm ERR! Missing: @mongodb-js/saslprep@1.1.5 from lock file
       npm ERR! Missing: mongodb-connection-string-url@3.0.0 from lock file
       npm ERR! Missing: sparse-bitfield@3.0.3 from lock file
       npm ERR! Missing: @types/whatwg-url@11.0.4 from lock file
       npm ERR! Missing: whatwg-url@13.0.0 from lock file
       npm ERR! Missing: @types/webidl-conversions@7.0.3 from lock file
       npm ERR! Missing: basic-auth@2.0.1 from lock file
       npm ERR! Missing: on-finished@2.3.0 from lock file
       npm ERR! Missing: on-headers@1.0.2 from lock file
       npm ERR! Missing: safe-buffer@5.1.2 from lock file
       npm ERR! Missing: debug@4.3.4 from lock file
       npm ERR! Missing: whatwg-url@5.0.0 from lock file
       npm ERR! Missing: abbrev@1.1.1 from lock file
       npm ERR! Missing: are-we-there-yet@2.0.0 from lock file
       npm ERR! Missing: console-control-strings@1.1.0 from lock file
       npm ERR! Missing: gauge@3.0.2 from lock file
       npm ERR! Missing: set-blocking@2.0.0 from lock file
       npm ERR! Missing: delegates@1.0.0 from lock file
       npm ERR! Missing: readable-stream@3.6.2 from lock file
       npm ERR! Missing: aproba@2.0.0 from lock file
       npm ERR! Missing: color-support@1.1.3 from lock file
       npm ERR! Missing: has-unicode@2.0.1 from lock file
       npm ERR! Missing: signal-exit@3.0.7 from lock file
       npm ERR! Missing: string-width@4.2.3 from lock file
       npm ERR! Missing: strip-ansi@6.0.1 from lock file
       npm ERR! Missing: wide-align@1.1.5 from lock file
       npm ERR! Missing: passport-strategy@1.0.0 from lock file
       npm ERR! Missing: pause@0.0.1 from lock file
       npm ERR! Missing: string_decoder@1.3.0 from lock file
       npm ERR! Missing: util-deprecate@1.0.2 from lock file
       npm ERR! Missing: glob@7.2.3 from lock file
       npm ERR! Missing: fs.realpath@1.0.0 from lock file
       npm ERR! Missing: inflight@1.0.6 from lock file
       npm ERR! Missing: minimatch@3.1.2 from lock file
       npm ERR! Missing: once@1.4.0 from lock file
       npm ERR! Missing: path-is-absolute@1.0.1 from lock file
       npm ERR! Missing: wrappy@1.0.2 from lock file
       npm ERR! Missing: brace-expansion@1.1.11 from lock file
       npm ERR! Missing: balanced-match@1.0.2 from lock file
       npm ERR! Missing: concat-map@0.0.1 from lock file
       npm ERR! Missing: lru-cache@6.0.0 from lock file
       npm ERR! Missing: yallist@4.0.0 from lock file
       npm ERR! Missing: memory-pager@1.5.0 from lock file
       npm ERR! Missing: emoji-regex@8.0.0 from lock file
       npm ERR! Missing: is-fullwidth-code-point@3.0.0 from lock file
       npm ERR! Missing: ansi-regex@5.0.1 from lock file
       npm ERR! Missing: chownr@2.0.0 from lock file
       npm ERR! Missing: fs-minipass@2.1.0 from lock file
       npm ERR! Missing: minipass@5.0.0 from lock file
       npm ERR! Missing: minizlib@2.1.2 from lock file
       npm ERR! Missing: mkdirp@1.0.4 from lock file
       npm ERR! Missing: minipass@3.3.6 from lock file
       npm ERR! Missing: minipass@3.3.6 from lock file
       npm ERR! Missing: tr46@4.1.1 from lock file
       npm ERR! Missing: webidl-conversions@7.0.0 from lock file
       npm ERR! Missing: punycode@2.3.1 from lock file
       npm ERR! Missing: ms@2.1.2 from lock file
       npm ERR! Missing: ms@2.1.2 from lock file
       npm ERR! Missing: ms@2.1.2 from lock file
       npm ERR! Missing: tr46@0.0.3 from lock file
       npm ERR! Missing: webidl-conversions@3.0.1 from lock file
       npm ERR! 
       npm ERR! Clean install a project
       npm ERR! 
       npm ERR! Usage:
       npm ERR! npm ci
       npm ERR! 
       npm ERR! Options:
       npm ERR! [--install-strategy <hoisted|nested|shallow|linked>] [--legacy-bundling]
       npm ERR! [--global-style] [--omit <dev|optional|peer> [--omit <dev|optional|peer> ...]]
       npm ERR! [--include <prod|dev|optional|peer> [--include <prod|dev|optional|peer> ...]]
       npm ERR! [--strict-peer-deps] [--foreground-scripts] [--ignore-scripts] [--no-audit]
       npm ERR! [--no-bin-links] [--no-fund] [--dry-run]
       npm ERR! [-w|--workspace <workspace-name> [-w|--workspace <workspace-name> ...]]
       npm ERR! [-ws|--workspaces] [--include-workspace-root] [--install-links]
       npm ERR! 
       npm ERR! aliases: clean-install, ic, install-clean, isntall-clean
       npm ERR! 
       npm ERR! Run "npm help ci" for more info
       
       npm ERR! A complete log of this run can be found in: /tmp/npmcache.3k9Mm/_logs/2024-04-30T00_33_15_528Z-debug-0.log
-----> Build failed
       
       We're sorry this build is failing! You can troubleshoot common issues here:
       https://devcenter.heroku.com/articles/troubleshooting-node-deploys
       
       Some possible problems:
       
       - Node version not specified in package.json
         https://devcenter.heroku.com/articles/nodejs-support#specifying-a-node-js-version
       
       Love,
       Heroku
       
 !     Push rejected, failed to compile Node.js app.
 !     Push failed
